<?xml version="1.0" encoding="UTF-8"?>
<testng-results ignored="0" total="3" passed="3" failed="0" skipped="0">
  <reporter-output>
  </reporter-output>
  <suite started-at="2025-02-05T10:33:33 IST" name="Suite" finished-at="2025-02-05T10:34:56 IST" duration-ms="83246">
    <groups>
    </groups>
    <test started-at="2025-02-05T10:33:33 IST" name="Test" finished-at="2025-02-05T10:34:56 IST" duration-ms="83246">
      <class name="insuranceCalculation_Motorcycle.EndToEndTests_motorcycle">
        <test-method is-config="true" signature="setupMethod()[pri:0, instance:insuranceCalculation_Motorcycle.EndToEndTests_motorcycle@73173f63]" started-at="2025-02-05T10:33:33 IST" name="setupMethod" finished-at="2025-02-05T10:33:43 IST" duration-ms="10161" status="PASS">
          <reporter-output>
          </reporter-output>
        </test-method> <!-- setupMethod -->
        <test-method signature="insuranceCalculate(java.lang.Object)[pri:0, instance:insuranceCalculation_Motorcycle.EndToEndTests_motorcycle@73173f63]" started-at="2025-02-05T10:33:43 IST" name="insuranceCalculate" data-provider="vehicleData" finished-at="2025-02-05T10:34:03 IST" duration-ms="19313" status="PASS">
          <params>
            <param index="0">
              <value>
                <![CDATA[{Product_startdate=03/20/2025, PriceValidation_Gold=238, SendQuote_Password=Password1, TC No=1, Vehicle_Annual Mileage=100, Product_insurancesum=5.000.000,00, Vehicle_Date of Manufacture=01/01/2022, SelectOption=Silver, SendQuote_ConfirmPassword=Password1, PriceValidation_Ultimate=2621, SendQuote_Email=demo1@gmail.com, PriceValidation_Silver=701, Vehicle_Make=Honda, Vehicle_Engine Performance=666, Insurant_occupation=Farmer, Vehicle_No of Seats_motorcycle=2, Insurant_LastName=Verma, Product_OptionalProducts=Euro Protection, Vehicl_ListPrice=888, Insurant_ImageFilePath=??, Insurant_Hobbies=Speeding,Skydiving, Vehicle_Model=Motorcycle, Insurant_country=India, SendQuote_Username=user1, Insurant_zipcode=207247, Product_damageinsurance= Partial Coverage, TC Name=Verify Insurance Premium for Honda Motorcycle, Vehicle_CylinderCapacity=333, PriceValidation_Platinum=1376, Insurant_FirstName=Ram, Insurant_birthdate=08/07/2000, Insurant_gender=Male}]]>
              </value>
            </param>
          </params>
          <reporter-output>
          </reporter-output>
        </test-method> <!-- insuranceCalculate -->
        <test-method is-config="true" signature="setupMethod()[pri:0, instance:insuranceCalculation_Motorcycle.EndToEndTests_motorcycle@73173f63]" started-at="2025-02-05T10:34:03 IST" name="setupMethod" finished-at="2025-02-05T10:34:10 IST" duration-ms="7784" status="PASS">
          <reporter-output>
          </reporter-output>
        </test-method> <!-- setupMethod -->
        <test-method signature="insuranceCalculate(java.lang.Object)[pri:0, instance:insuranceCalculation_Motorcycle.EndToEndTests_motorcycle@73173f63]" started-at="2025-02-05T10:34:10 IST" name="insuranceCalculate" data-provider="vehicleData" finished-at="2025-02-05T10:34:29 IST" duration-ms="19041" status="PASS">
          <params>
            <param index="0">
              <value>
                <![CDATA[{Product_startdate=04/01/2025, PriceValidation_Gold=238, SendQuote_Password=Password2, TC No=2, Vehicle_Annual Mileage=100, Product_insurancesum=20.000.000,00, Vehicle_Date of Manufacture=02/15/2023, SelectOption=Gold, SendQuote_ConfirmPassword=Password2, PriceValidation_Ultimate=2626, SendQuote_Email=demo2@gmail.com, PriceValidation_Silver=702, Vehicle_Make=Volvo, Vehicle_Engine Performance=900, Insurant_occupation=Farmer, Vehicle_No of Seats_motorcycle=2, Insurant_LastName=Rajput, Product_OptionalProducts=Euro Protection, Vehicl_ListPrice=888, Insurant_ImageFilePath=??, Insurant_Hobbies=Bungee Jumping,Other, Vehicle_Model=Scooter, Insurant_country=India, SendQuote_Username=user2, Insurant_zipcode=207247, Product_damageinsurance= Partial Coverage, TC Name=Verify Insurance Premium for Volvo Scooter, Vehicle_CylinderCapacity=900, PriceValidation_Platinum=1379, Insurant_FirstName=Ritu, Insurant_birthdate=07/29/2001, Insurant_gender=Femal}]]>
              </value>
            </param>
          </params>
          <reporter-output>
          </reporter-output>
        </test-method> <!-- insuranceCalculate -->
        <test-method is-config="true" signature="setupMethod()[pri:0, instance:insuranceCalculation_Motorcycle.EndToEndTests_motorcycle@73173f63]" started-at="2025-02-05T10:34:29 IST" name="setupMethod" finished-at="2025-02-05T10:34:37 IST" duration-ms="7499" status="PASS">
          <reporter-output>
          </reporter-output>
        </test-method> <!-- setupMethod -->
        <test-method signature="insuranceCalculate(java.lang.Object)[pri:0, instance:insuranceCalculation_Motorcycle.EndToEndTests_motorcycle@73173f63]" started-at="2025-02-05T10:34:37 IST" name="insuranceCalculate" data-provider="vehicleData" finished-at="2025-02-05T10:34:56 IST" duration-ms="18938" status="PASS">
          <params>
            <param index="0">
              <value>
                <![CDATA[{Product_startdate=04/10/2025, PriceValidation_Gold=87, SendQuote_Password=Password3, TC No=3, Vehicle_Annual Mileage=100, Product_insurancesum=3.000.000,00, Vehicle_Date of Manufacture=01/01/2009, SelectOption=Ultimate, SendQuote_ConfirmPassword=Password3, PriceValidation_Ultimate=967, SendQuote_Email=demo3@gmail.com, PriceValidation_Silver=258, Vehicle_Make=Ford, Vehicle_Engine Performance=100, Insurant_occupation=Farmer, Vehicle_No of Seats_motorcycle=2, Insurant_LastName=Rajput, Product_OptionalProducts=Euro Protection, Vehicl_ListPrice=1000, Insurant_ImageFilePath=??, Insurant_Hobbies=Speeding,Cliff Diving, Vehicle_Model=Moped, Insurant_country=India, SendQuote_Username=user3, Insurant_zipcode=207247, Product_damageinsurance= Full Coverage, TC Name=Verify Insurance Premium for Ford Moped, Vehicle_CylinderCapacity=100, PriceValidation_Platinum=507, Insurant_FirstName=Akash, Insurant_birthdate=07/17/2002, Insurant_gender=Male}]]>
              </value>
            </param>
          </params>
          <reporter-output>
          </reporter-output>
        </test-method> <!-- insuranceCalculate -->
      </class> <!-- insuranceCalculation_Motorcycle.EndToEndTests_motorcycle -->
    </test> <!-- Test -->
  </suite> <!-- Suite -->
</testng-results>
